{"/home/victor/Documentos/BootCamp/sing-me-a-song-api/src/database.js": {"path":"/home/victor/Documentos/BootCamp/sing-me-a-song-api/src/database.js","statementMap":{"0":{"start":{"line":3,"column":17},"end":{"line":3,"column":19}},"1":{"start":{"line":5,"column":15},"end":{"line":11,"column":1}},"2":{"start":{"line":13,"column":0},"end":{"line":20,"column":1}},"3":{"start":{"line":14,"column":2},"end":{"line":19,"column":4}},"4":{"start":{"line":22,"column":19},"end":{"line":22,"column":37}}},"fnMap":{},"branchMap":{"0":{"loc":{"start":{"line":13,"column":0},"end":{"line":20,"column":1}},"type":"if","locations":[{"start":{"line":13,"column":0},"end":{"line":20,"column":1}},{"start":{},"end":{}}],"line":13}},"s":{"0":1,"1":1,"2":1,"3":0,"4":1},"f":{},"b":{"0":[0,1]},"_coverageSchema":"1a1c01bbd47fc00a2c39e90264f33305004495a9","hash":"1fbaa5cc133a0a173494f89b95467d7d50c0ad5f"}
,"/home/victor/Documentos/BootCamp/sing-me-a-song-api/src/repositories/recommendationsRepository.js": {"path":"/home/victor/Documentos/BootCamp/sing-me-a-song-api/src/repositories/recommendationsRepository.js","statementMap":{"0":{"start":{"line":3,"column":29},"end":{"line":13,"column":1}},"1":{"start":{"line":4,"column":17},"end":{"line":10,"column":3}},"2":{"start":{"line":12,"column":2},"end":{"line":12,"column":24}},"3":{"start":{"line":15,"column":32},"end":{"line":24,"column":1}},"4":{"start":{"line":16,"column":17},"end":{"line":21,"column":3}},"5":{"start":{"line":23,"column":2},"end":{"line":23,"column":24}},"6":{"start":{"line":26,"column":32},"end":{"line":35,"column":1}},"7":{"start":{"line":27,"column":17},"end":{"line":32,"column":3}},"8":{"start":{"line":34,"column":2},"end":{"line":34,"column":24}},"9":{"start":{"line":37,"column":15},"end":{"line":47,"column":1}},"10":{"start":{"line":38,"column":17},"end":{"line":44,"column":3}},"11":{"start":{"line":46,"column":2},"end":{"line":46,"column":24}},"12":{"start":{"line":49,"column":17},"end":{"line":59,"column":1}},"13":{"start":{"line":50,"column":17},"end":{"line":56,"column":3}},"14":{"start":{"line":58,"column":2},"end":{"line":58,"column":24}},"15":{"start":{"line":61,"column":29},"end":{"line":69,"column":1}},"16":{"start":{"line":62,"column":2},"end":{"line":67,"column":4}},"17":{"start":{"line":68,"column":2},"end":{"line":68,"column":14}},"18":{"start":{"line":71,"column":41},"end":{"line":77,"column":1}},"19":{"start":{"line":72,"column":18},"end":{"line":74,"column":4}},"20":{"start":{"line":76,"column":2},"end":{"line":76,"column":71}},"21":{"start":{"line":79,"column":43},"end":{"line":87,"column":1}},"22":{"start":{"line":80,"column":17},"end":{"line":84,"column":4}},"23":{"start":{"line":86,"column":2},"end":{"line":86,"column":69}},"24":{"start":{"line":89,"column":32},"end":{"line":95,"column":1}},"25":{"start":{"line":90,"column":14},"end":{"line":92,"column":6}},"26":{"start":{"line":94,"column":2},"end":{"line":94,"column":63}},"27":{"start":{"line":97,"column":16},"end":{"line":103,"column":1}},"28":{"start":{"line":98,"column":15},"end":{"line":100,"column":14}},"29":{"start":{"line":102,"column":2},"end":{"line":102,"column":19}}},"fnMap":{"0":{"name":"(anonymous_0)","decl":{"start":{"line":3,"column":29},"end":{"line":3,"column":30}},"loc":{"start":{"line":3,"column":62},"end":{"line":13,"column":1}},"line":3},"1":{"name":"(anonymous_1)","decl":{"start":{"line":15,"column":32},"end":{"line":15,"column":33}},"loc":{"start":{"line":15,"column":48},"end":{"line":24,"column":1}},"line":15},"2":{"name":"(anonymous_2)","decl":{"start":{"line":26,"column":32},"end":{"line":26,"column":33}},"loc":{"start":{"line":26,"column":55},"end":{"line":35,"column":1}},"line":26},"3":{"name":"(anonymous_3)","decl":{"start":{"line":37,"column":15},"end":{"line":37,"column":16}},"loc":{"start":{"line":37,"column":29},"end":{"line":47,"column":1}},"line":37},"4":{"name":"(anonymous_4)","decl":{"start":{"line":49,"column":17},"end":{"line":49,"column":18}},"loc":{"start":{"line":49,"column":31},"end":{"line":59,"column":1}},"line":49},"5":{"name":"(anonymous_5)","decl":{"start":{"line":61,"column":29},"end":{"line":61,"column":30}},"loc":{"start":{"line":61,"column":43},"end":{"line":69,"column":1}},"line":61},"6":{"name":"(anonymous_6)","decl":{"start":{"line":71,"column":41},"end":{"line":71,"column":42}},"loc":{"start":{"line":71,"column":53},"end":{"line":77,"column":1}},"line":71},"7":{"name":"(anonymous_7)","decl":{"start":{"line":79,"column":43},"end":{"line":79,"column":44}},"loc":{"start":{"line":79,"column":55},"end":{"line":87,"column":1}},"line":79},"8":{"name":"(anonymous_8)","decl":{"start":{"line":89,"column":32},"end":{"line":89,"column":33}},"loc":{"start":{"line":89,"column":44},"end":{"line":95,"column":1}},"line":89},"9":{"name":"(anonymous_9)","decl":{"start":{"line":97,"column":16},"end":{"line":97,"column":17}},"loc":{"start":{"line":97,"column":34},"end":{"line":103,"column":1}},"line":97}},"branchMap":{},"s":{"0":1,"1":0,"2":0,"3":1,"4":0,"5":0,"6":1,"7":0,"8":0,"9":1,"10":0,"11":0,"12":1,"13":0,"14":0,"15":1,"16":0,"17":0,"18":1,"19":0,"20":0,"21":1,"22":0,"23":0,"24":1,"25":0,"26":0,"27":1,"28":0,"29":0},"f":{"0":0,"1":0,"2":0,"3":0,"4":0,"5":0,"6":0,"7":0,"8":0,"9":0},"b":{},"_coverageSchema":"1a1c01bbd47fc00a2c39e90264f33305004495a9","hash":"dd7c98f5be01399f1b7eed2f4981812a0b5bc50e"}
,"/home/victor/Documentos/BootCamp/sing-me-a-song-api/src/services/recommendationsService.js": {"path":"/home/victor/Documentos/BootCamp/sing-me-a-song-api/src/services/recommendationsService.js","statementMap":{"0":{"start":{"line":3,"column":29},"end":{"line":18,"column":1}},"1":{"start":{"line":4,"column":21},"end":{"line":6,"column":3}},"2":{"start":{"line":7,"column":21},"end":{"line":9,"column":3}},"3":{"start":{"line":11,"column":2},"end":{"line":13,"column":3}},"4":{"start":{"line":12,"column":4},"end":{"line":12,"column":17}},"5":{"start":{"line":15,"column":2},"end":{"line":15,"column":78}},"6":{"start":{"line":17,"column":2},"end":{"line":17,"column":14}},"7":{"start":{"line":20,"column":27},"end":{"line":31,"column":1}},"8":{"start":{"line":22,"column":2},"end":{"line":27,"column":3}},"9":{"start":{"line":23,"column":4},"end":{"line":23,"column":57}},"10":{"start":{"line":25,"column":4},"end":{"line":25,"column":59}},"11":{"start":{"line":26,"column":4},"end":{"line":26,"column":85}},"12":{"start":{"line":26,"column":28},"end":{"line":26,"column":85}},"13":{"start":{"line":29,"column":2},"end":{"line":29,"column":27}},"14":{"start":{"line":29,"column":15},"end":{"line":29,"column":27}},"15":{"start":{"line":30,"column":2},"end":{"line":30,"column":15}},"16":{"start":{"line":33,"column":18},"end":{"line":50,"column":1}},"17":{"start":{"line":34,"column":2},"end":{"line":42,"column":3}},"18":{"start":{"line":36,"column":30},"end":{"line":36,"column":96}},"19":{"start":{"line":37,"column":4},"end":{"line":40,"column":5}},"20":{"start":{"line":38,"column":29},"end":{"line":38,"column":86}},"21":{"start":{"line":39,"column":6},"end":{"line":39,"column":28}},"22":{"start":{"line":41,"column":4},"end":{"line":41,"column":29}},"23":{"start":{"line":44,"column":22},"end":{"line":44,"column":90}},"24":{"start":{"line":45,"column":2},"end":{"line":48,"column":3}},"25":{"start":{"line":46,"column":27},"end":{"line":46,"column":84}},"26":{"start":{"line":47,"column":4},"end":{"line":47,"column":26}},"27":{"start":{"line":49,"column":2},"end":{"line":49,"column":21}},"28":{"start":{"line":52,"column":16},"end":{"line":55,"column":1}},"29":{"start":{"line":53,"column":15},"end":{"line":53,"column":62}},"30":{"start":{"line":54,"column":2},"end":{"line":54,"column":14}}},"fnMap":{"0":{"name":"(anonymous_0)","decl":{"start":{"line":3,"column":29},"end":{"line":3,"column":30}},"loc":{"start":{"line":3,"column":62},"end":{"line":18,"column":1}},"line":3},"1":{"name":"(anonymous_1)","decl":{"start":{"line":20,"column":27},"end":{"line":20,"column":28}},"loc":{"start":{"line":20,"column":51},"end":{"line":31,"column":1}},"line":20},"2":{"name":"(anonymous_2)","decl":{"start":{"line":33,"column":18},"end":{"line":33,"column":19}},"loc":{"start":{"line":33,"column":30},"end":{"line":50,"column":1}},"line":33},"3":{"name":"(anonymous_3)","decl":{"start":{"line":52,"column":16},"end":{"line":52,"column":17}},"loc":{"start":{"line":52,"column":34},"end":{"line":55,"column":1}},"line":52}},"branchMap":{"0":{"loc":{"start":{"line":11,"column":2},"end":{"line":13,"column":3}},"type":"if","locations":[{"start":{"line":11,"column":2},"end":{"line":13,"column":3}},{"start":{},"end":{}}],"line":11},"1":{"loc":{"start":{"line":11,"column":6},"end":{"line":11,"column":30}},"type":"binary-expr","locations":[{"start":{"line":11,"column":6},"end":{"line":11,"column":16}},{"start":{"line":11,"column":20},"end":{"line":11,"column":30}}],"line":11},"2":{"loc":{"start":{"line":22,"column":2},"end":{"line":27,"column":3}},"type":"if","locations":[{"start":{"line":22,"column":2},"end":{"line":27,"column":3}},{"start":{"line":24,"column":9},"end":{"line":27,"column":3}}],"line":22},"3":{"loc":{"start":{"line":26,"column":4},"end":{"line":26,"column":85}},"type":"if","locations":[{"start":{"line":26,"column":4},"end":{"line":26,"column":85}},{"start":{},"end":{}}],"line":26},"4":{"loc":{"start":{"line":29,"column":2},"end":{"line":29,"column":27}},"type":"if","locations":[{"start":{"line":29,"column":2},"end":{"line":29,"column":27}},{"start":{},"end":{}}],"line":29},"5":{"loc":{"start":{"line":34,"column":2},"end":{"line":42,"column":3}},"type":"if","locations":[{"start":{"line":34,"column":2},"end":{"line":42,"column":3}},{"start":{},"end":{}}],"line":34},"6":{"loc":{"start":{"line":37,"column":4},"end":{"line":40,"column":5}},"type":"if","locations":[{"start":{"line":37,"column":4},"end":{"line":40,"column":5}},{"start":{},"end":{}}],"line":37},"7":{"loc":{"start":{"line":45,"column":2},"end":{"line":48,"column":3}},"type":"if","locations":[{"start":{"line":45,"column":2},"end":{"line":48,"column":3}},{"start":{},"end":{}}],"line":45}},"s":{"0":1,"1":2,"2":2,"3":2,"4":1,"5":1,"6":1,"7":1,"8":3,"9":1,"10":2,"11":2,"12":1,"13":3,"14":2,"15":1,"16":1,"17":4,"18":2,"19":2,"20":1,"21":1,"22":1,"23":2,"24":2,"25":1,"26":1,"27":1,"28":1,"29":1,"30":1},"f":{"0":2,"1":3,"2":4,"3":1},"b":{"0":[1,1],"1":[2,2],"2":[1,2],"3":[1,1],"4":[2,1],"5":[2,2],"6":[1,1],"7":[1,1]},"_coverageSchema":"1a1c01bbd47fc00a2c39e90264f33305004495a9","hash":"ba1bc513e7c42bc6eb28237420acf1f16cfbd3fa"}
}
