TN:
SF:src/database.js
FNF:0
FNH:0
DA:3,1
DA:5,1
DA:13,1
DA:14,0
DA:22,1
LF:5
LH:4
BRDA:13,0,0,0
BRDA:13,0,1,1
BRF:2
BRH:1
end_of_record
TN:
SF:src/repositories/recommendationsRepository.js
FN:3,(anonymous_0)
FN:15,(anonymous_1)
FN:26,(anonymous_2)
FN:37,(anonymous_3)
FN:49,(anonymous_4)
FN:61,(anonymous_5)
FN:71,(anonymous_6)
FN:79,(anonymous_7)
FN:89,(anonymous_8)
FN:97,(anonymous_9)
FNF:10
FNH:0
FNDA:0,(anonymous_0)
FNDA:0,(anonymous_1)
FNDA:0,(anonymous_2)
FNDA:0,(anonymous_3)
FNDA:0,(anonymous_4)
FNDA:0,(anonymous_5)
FNDA:0,(anonymous_6)
FNDA:0,(anonymous_7)
FNDA:0,(anonymous_8)
FNDA:0,(anonymous_9)
DA:3,1
DA:4,0
DA:12,0
DA:15,1
DA:16,0
DA:23,0
DA:26,1
DA:27,0
DA:34,0
DA:37,1
DA:38,0
DA:46,0
DA:49,1
DA:50,0
DA:58,0
DA:61,1
DA:62,0
DA:68,0
DA:71,1
DA:72,0
DA:76,0
DA:79,1
DA:80,0
DA:86,0
DA:89,1
DA:90,0
DA:94,0
DA:97,1
DA:98,0
DA:102,0
LF:30
LH:10
BRF:0
BRH:0
end_of_record
TN:
SF:src/services/recommendationsService.js
FN:3,(anonymous_0)
FN:20,(anonymous_1)
FN:33,(anonymous_2)
FN:52,(anonymous_3)
FNF:4
FNH:4
FNDA:2,(anonymous_0)
FNDA:3,(anonymous_1)
FNDA:4,(anonymous_2)
FNDA:1,(anonymous_3)
DA:3,1
DA:4,2
DA:7,2
DA:11,2
DA:12,1
DA:15,1
DA:17,1
DA:20,1
DA:22,3
DA:23,1
DA:25,2
DA:26,2
DA:29,3
DA:30,1
DA:33,1
DA:34,4
DA:36,2
DA:37,2
DA:38,1
DA:39,1
DA:41,1
DA:44,2
DA:45,2
DA:46,1
DA:47,1
DA:49,1
DA:52,1
DA:53,1
DA:54,1
LF:29
LH:29
BRDA:11,0,0,1
BRDA:11,0,1,1
BRDA:11,1,0,2
BRDA:11,1,1,2
BRDA:22,2,0,1
BRDA:22,2,1,2
BRDA:26,3,0,1
BRDA:26,3,1,1
BRDA:29,4,0,2
BRDA:29,4,1,1
BRDA:34,5,0,2
BRDA:34,5,1,2
BRDA:37,6,0,1
BRDA:37,6,1,1
BRDA:45,7,0,1
BRDA:45,7,1,1
BRF:16
BRH:16
end_of_record
