TN:
SF:src/database.js
FNF:0
FNH:0
DA:3,1
DA:5,1
DA:13,1
DA:14,0
DA:22,1
LF:5
LH:4
BRDA:13,0,0,0
BRDA:13,0,1,1
BRF:2
BRH:1
end_of_record
TN:
SF:src/repositories/recommendationsRepository.js
FN:3,(anonymous_0)
FN:15,(anonymous_1)
FN:26,(anonymous_2)
FN:37,(anonymous_3)
FN:49,(anonymous_4)
FN:70,(anonymous_5)
FN:78,(anonymous_6)
FN:88,(anonymous_7)
FN:96,(anonymous_8)
FNF:9
FNH:0
FNDA:0,(anonymous_0)
FNDA:0,(anonymous_1)
FNDA:0,(anonymous_2)
FNDA:0,(anonymous_3)
FNDA:0,(anonymous_4)
FNDA:0,(anonymous_5)
FNDA:0,(anonymous_6)
FNDA:0,(anonymous_7)
FNDA:0,(anonymous_8)
DA:3,1
DA:4,0
DA:12,0
DA:15,1
DA:16,0
DA:23,0
DA:26,1
DA:27,0
DA:34,0
DA:37,1
DA:38,0
DA:46,0
DA:49,1
DA:50,0
DA:58,0
DA:59,0
DA:67,0
DA:70,1
DA:71,0
DA:75,0
DA:78,1
DA:79,0
DA:85,0
DA:88,1
DA:89,0
DA:93,0
DA:96,1
DA:97,0
DA:101,0
LF:29
LH:9
BRDA:58,0,0,0
BRDA:58,0,1,0
BRF:2
BRH:0
end_of_record
TN:
SF:src/services/recommendationsService.js
FN:3,(anonymous_0)
FN:20,(anonymous_1)
FN:32,(anonymous_2)
FN:51,(anonymous_3)
FNF:4
FNH:1
FNDA:2,(anonymous_0)
FNDA:0,(anonymous_1)
FNDA:0,(anonymous_2)
FNDA:0,(anonymous_3)
DA:3,1
DA:4,2
DA:7,2
DA:11,2
DA:12,1
DA:15,1
DA:17,1
DA:20,1
DA:22,0
DA:23,0
DA:25,0
DA:28,0
DA:29,0
DA:32,1
DA:33,0
DA:35,0
DA:36,0
DA:37,0
DA:38,0
DA:40,0
DA:43,0
DA:44,0
DA:45,0
DA:46,0
DA:48,0
DA:51,1
DA:52,0
DA:53,0
LF:28
LH:10
BRDA:11,0,0,1
BRDA:11,0,1,1
BRDA:11,1,0,2
BRDA:11,1,1,2
BRDA:22,2,0,0
BRDA:22,2,1,0
BRDA:28,3,0,0
BRDA:28,3,1,0
BRDA:33,4,0,0
BRDA:33,4,1,0
BRDA:36,5,0,0
BRDA:36,5,1,0
BRDA:44,6,0,0
BRDA:44,6,1,0
BRF:14
BRH:4
end_of_record
